mode: set
github.com/Wariddon/assessment-tax/tax/calculations.go:22.43,25.16 3 1
github.com/Wariddon/assessment-tax/tax/calculations.go:25.16,27.3 1 0
github.com/Wariddon/assessment-tax/tax/calculations.go:29.2,41.16 8 1
github.com/Wariddon/assessment-tax/tax/calculations.go:41.16,43.3 1 1
github.com/Wariddon/assessment-tax/tax/calculations.go:43.8,46.3 1 0
github.com/Wariddon/assessment-tax/tax/calculations.go:52.81,55.16 2 1
github.com/Wariddon/assessment-tax/tax/calculations.go:55.16,57.3 1 0
github.com/Wariddon/assessment-tax/tax/calculations.go:60.2,64.38 3 1
github.com/Wariddon/assessment-tax/tax/calculations.go:64.38,65.63 1 1
github.com/Wariddon/assessment-tax/tax/calculations.go:65.63,68.36 2 1
github.com/Wariddon/assessment-tax/tax/calculations.go:68.36,70.5 1 0
github.com/Wariddon/assessment-tax/tax/calculations.go:71.4,72.23 2 1
github.com/Wariddon/assessment-tax/tax/calculations.go:76.2,76.20 1 1
github.com/Wariddon/assessment-tax/tax/calculations.go:86.59,99.22 4 1
github.com/Wariddon/assessment-tax/tax/calculations.go:99.22,104.3 4 0
github.com/Wariddon/assessment-tax/tax/calculations.go:105.2,105.22 1 1
github.com/Wariddon/assessment-tax/tax/calculations.go:105.22,110.3 4 0
github.com/Wariddon/assessment-tax/tax/calculations.go:111.2,111.21 1 1
github.com/Wariddon/assessment-tax/tax/calculations.go:111.21,116.3 4 0
github.com/Wariddon/assessment-tax/tax/calculations.go:117.2,117.21 1 1
github.com/Wariddon/assessment-tax/tax/calculations.go:117.21,122.3 4 1
github.com/Wariddon/assessment-tax/tax/calculations.go:124.2,124.29 1 1
github.com/Wariddon/assessment-tax/tax/db.go:24.13,26.16 2 1
github.com/Wariddon/assessment-tax/tax/db.go:26.16,28.3 1 0
github.com/Wariddon/assessment-tax/tax/db.go:29.2,29.11 1 1
github.com/Wariddon/assessment-tax/tax/db.go:38.36,42.16 4 0
github.com/Wariddon/assessment-tax/tax/db.go:42.16,44.3 1 0
github.com/Wariddon/assessment-tax/tax/db.go:47.2,47.35 1 0
github.com/Wariddon/assessment-tax/tax/db.go:50.50,55.18 3 1
github.com/Wariddon/assessment-tax/tax/db.go:55.18,60.17 5 1
github.com/Wariddon/assessment-tax/tax/db.go:60.17,62.4 1 0
github.com/Wariddon/assessment-tax/tax/db.go:63.3,63.33 1 1
github.com/Wariddon/assessment-tax/tax/db.go:66.2,66.35 1 1
github.com/Wariddon/assessment-tax/tax/db.go:66.35,68.3 1 0
github.com/Wariddon/assessment-tax/tax/db.go:70.2,70.24 1 1
