mode: set
github.com/Wariddon/assessment-tax/tax/calculations.go:34.46,37.16 3 1
github.com/Wariddon/assessment-tax/tax/calculations.go:37.16,39.3 1 1
github.com/Wariddon/assessment-tax/tax/calculations.go:41.2,41.42 1 1
github.com/Wariddon/assessment-tax/tax/calculations.go:41.42,43.3 1 1
github.com/Wariddon/assessment-tax/tax/calculations.go:45.2,46.16 2 1
github.com/Wariddon/assessment-tax/tax/calculations.go:46.16,48.3 1 0
github.com/Wariddon/assessment-tax/tax/calculations.go:50.2,52.4 1 1
github.com/Wariddon/assessment-tax/tax/calculations.go:56.46,59.16 3 1
github.com/Wariddon/assessment-tax/tax/calculations.go:59.16,61.3 1 1
github.com/Wariddon/assessment-tax/tax/calculations.go:63.2,63.42 1 1
github.com/Wariddon/assessment-tax/tax/calculations.go:63.42,65.3 1 1
github.com/Wariddon/assessment-tax/tax/calculations.go:67.2,68.16 2 1
github.com/Wariddon/assessment-tax/tax/calculations.go:68.16,70.3 1 0
github.com/Wariddon/assessment-tax/tax/calculations.go:72.2,74.4 1 1
github.com/Wariddon/assessment-tax/tax/calculations.go:78.43,81.16 3 1
github.com/Wariddon/assessment-tax/tax/calculations.go:81.16,83.3 1 0
github.com/Wariddon/assessment-tax/tax/calculations.go:85.2,97.16 8 1
github.com/Wariddon/assessment-tax/tax/calculations.go:97.16,99.3 1 1
github.com/Wariddon/assessment-tax/tax/calculations.go:99.8,102.3 1 0
github.com/Wariddon/assessment-tax/tax/calculations.go:108.46,111.16 2 1
github.com/Wariddon/assessment-tax/tax/calculations.go:111.16,113.3 1 0
github.com/Wariddon/assessment-tax/tax/calculations.go:114.2,117.16 3 1
github.com/Wariddon/assessment-tax/tax/calculations.go:117.16,119.3 1 0
github.com/Wariddon/assessment-tax/tax/calculations.go:120.2,123.16 3 1
github.com/Wariddon/assessment-tax/tax/calculations.go:123.16,125.3 1 0
github.com/Wariddon/assessment-tax/tax/calculations.go:127.2,127.37 1 1
github.com/Wariddon/assessment-tax/tax/calculations.go:130.81,133.16 2 1
github.com/Wariddon/assessment-tax/tax/calculations.go:133.16,135.3 1 0
github.com/Wariddon/assessment-tax/tax/calculations.go:138.2,142.38 3 1
github.com/Wariddon/assessment-tax/tax/calculations.go:142.38,143.63 1 1
github.com/Wariddon/assessment-tax/tax/calculations.go:143.63,146.36 2 1
github.com/Wariddon/assessment-tax/tax/calculations.go:146.36,148.5 1 0
github.com/Wariddon/assessment-tax/tax/calculations.go:149.4,149.23 1 1
github.com/Wariddon/assessment-tax/tax/calculations.go:153.2,153.20 1 1
github.com/Wariddon/assessment-tax/tax/calculations.go:163.59,174.22 3 1
github.com/Wariddon/assessment-tax/tax/calculations.go:174.22,179.3 4 1
github.com/Wariddon/assessment-tax/tax/calculations.go:180.2,180.22 1 1
github.com/Wariddon/assessment-tax/tax/calculations.go:180.22,185.3 4 1
github.com/Wariddon/assessment-tax/tax/calculations.go:186.2,186.21 1 1
github.com/Wariddon/assessment-tax/tax/calculations.go:186.21,191.3 4 1
github.com/Wariddon/assessment-tax/tax/calculations.go:192.2,192.21 1 1
github.com/Wariddon/assessment-tax/tax/calculations.go:192.21,197.3 4 1
github.com/Wariddon/assessment-tax/tax/calculations.go:199.2,199.29 1 1
github.com/Wariddon/assessment-tax/tax/calculations.go:202.54,209.16 4 1
github.com/Wariddon/assessment-tax/tax/calculations.go:209.16,211.3 1 0
github.com/Wariddon/assessment-tax/tax/calculations.go:214.2,214.6 1 1
github.com/Wariddon/assessment-tax/tax/calculations.go:214.6,216.20 2 1
github.com/Wariddon/assessment-tax/tax/calculations.go:216.20,217.9 1 1
github.com/Wariddon/assessment-tax/tax/calculations.go:219.3,219.17 1 1
github.com/Wariddon/assessment-tax/tax/calculations.go:219.17,221.4 1 0
github.com/Wariddon/assessment-tax/tax/calculations.go:223.3,242.17 10 1
github.com/Wariddon/assessment-tax/tax/calculations.go:242.17,248.4 2 1
github.com/Wariddon/assessment-tax/tax/calculations.go:248.9,254.4 2 1
github.com/Wariddon/assessment-tax/tax/calculations.go:257.2,259.19 2 1
github.com/Wariddon/assessment-tax/tax/db.go:24.13,26.16 2 1
github.com/Wariddon/assessment-tax/tax/db.go:26.16,28.3 1 0
github.com/Wariddon/assessment-tax/tax/db.go:29.2,29.11 1 1
github.com/Wariddon/assessment-tax/tax/db.go:38.36,42.16 4 0
github.com/Wariddon/assessment-tax/tax/db.go:42.16,44.3 1 0
github.com/Wariddon/assessment-tax/tax/db.go:47.2,47.35 1 0
github.com/Wariddon/assessment-tax/tax/db.go:50.50,55.18 3 1
github.com/Wariddon/assessment-tax/tax/db.go:55.18,60.17 5 1
github.com/Wariddon/assessment-tax/tax/db.go:60.17,62.4 1 0
github.com/Wariddon/assessment-tax/tax/db.go:63.3,63.33 1 1
github.com/Wariddon/assessment-tax/tax/db.go:66.2,66.35 1 1
github.com/Wariddon/assessment-tax/tax/db.go:66.35,68.3 1 0
github.com/Wariddon/assessment-tax/tax/db.go:70.2,70.24 1 1
github.com/Wariddon/assessment-tax/tax/db.go:73.63,80.16 2 1
github.com/Wariddon/assessment-tax/tax/db.go:80.16,82.3 1 0
github.com/Wariddon/assessment-tax/tax/db.go:84.2,84.56 1 1
github.com/Wariddon/assessment-tax/tax/db.go:84.56,86.3 1 0
github.com/Wariddon/assessment-tax/tax/db.go:88.2,88.12 1 1
